"../../../Engine/Content/Animation/DefaultAnimCurveCompressionSettings.uasset" 0
"../../../Engine/Content/Functions/Engine_MaterialFunctions01/Opacity/CameraDepthFade.uasset" 1
"../../../Engine/Content/EngineMaterials/T_Default_Material_Grid_M.uasset" 2
"../../../Engine/Content/EngineMaterials/T_Default_Material_Grid_N.uasset" 3
"../../../Engine/Content/EngineMaterials/WorldGridMaterial.uasset" 4
"../../../Engine/Content/ArtTools/RenderToTexture/Meshes/S_1_Unit_Plane.uasset" 5
"../../../Engine/Content/EngineMaterials/DefaultMaterial.uasset" 6
"../../../Engine/Content/BasicShapes/Cone.uasset" 7
"../../../Engine/Content/BasicShapes/Cube.uasset" 8
"../../../Engine/Content/BasicShapes/Cylinder.uasset" 9
"../../../Engine/Content/BasicShapes/Plane.uasset" 10
"../../../Engine/Content/BasicShapes/Sphere.uasset" 11
"../../../Engine/Content/EditorLandscapeResources/DataLayer.uasset" 12
"../../../Engine/Content/EditorMaterials/MAT_Groups_Toggle.uasset" 13
"../../../Engine/Content/EditorMaterials/MAT_Groups_Visibility.uasset" 14
"../../../Engine/Content/EditorMaterials/PreviewShadowIndicator.uasset" 15
"../../../Engine/Content/EditorMaterials/PreviewShadowIndicatorMaterial.uasset" 16
"../../../Engine/Content/EditorMaterials/MatineeGroups/MAT_ColorTrack.uasset" 17
"../../../Engine/Content/EditorMaterials/MatineeGroups/MAT_Groups_Anim.uasset" 18
"../../../Engine/Content/EditorMaterials/MatineeGroups/MAT_Groups_AudioMaster.uasset" 19
"../../../Engine/Content/EditorMaterials/MatineeGroups/MAT_Groups_Director.uasset" 20
"../../../Engine/Content/EditorMaterials/MatineeGroups/MAT_Groups_Event.uasset" 21
"../../../Engine/Content/EditorMaterials/MatineeGroups/MAT_Groups_Fade.uasset" 22
"../../../Engine/Content/EditorMaterials/MatineeGroups/MAT_Groups_Float.uasset" 23
"../../../Engine/Content/EditorMaterials/MatineeGroups/MAT_Groups_Move.uasset" 24
"../../../Engine/Content/EditorMaterials/MatineeGroups/MAT_Groups_Slomo.uasset" 25
"../../../Engine/Content/EditorMaterials/MatineeGroups/MAT_Groups_Sound.uasset" 26
"../../../Engine/Content/EditorMaterials/MatineeGroups/MAT_Groups_Vector.uasset" 27
"../../../Engine/Content/EditorMaterials/ParticleSystems/PSysThumbnail_NoImage.uasset" 28
"../../../Engine/Content/EditorMaterials/ParticleSystems/PSysThumbnail_OOD.uasset" 29
"../../../Engine/Content/EditorMaterials/Camera/CineMat.uasset" 30
"../../../Engine/Content/EditorMaterials/Camera/MI_CineMat_Rig.uasset" 31
"../../../Engine/Content/EditorMeshes/Camera/SM_CraneRig_Arm.uasset" 32
"../../../Engine/Content/EditorMeshes/Camera/SM_CraneRig_Base.uasset" 33
"../../../Engine/Content/EditorMeshes/Camera/SM_CraneRig_Body.uasset" 34
"../../../Engine/Content/EditorMeshes/Camera/SM_CraneRig_Mount.uasset" 35
"../../../Engine/Content/EditorMeshes/Camera/SM_RailRig_Mount.uasset" 36
"../../../Engine/Content/EditorMeshes/Camera/SM_RailRig_Track.uasset" 37
"../../../Engine/Content/EditorResources/BSPVertex.uasset" 38
"../../../Engine/Content/EditorResources/EmptyActor.uasset" 39
"../../../Engine/Content/EditorResources/S_Actor.uasset" 40
"../../../Engine/Content/EditorResources/S_Note.uasset" 41
"../../../Engine/Content/EditorResources/S_Solver.uasset" 42
"../../../Engine/Content/EditorResources/S_Trigger.uasset" 43
"../../../Engine/Content/EditorResources/AudioIcons/S_AudioComponent_AutoActivate.uasset" 44
"../../../Engine/Content/EditorResources/SequenceRecorder/Countdown.uasset" 45
"../../../Engine/Content/EditorResources/SequenceRecorder/RecordingIndicator.uasset" 46
"../../../Engine/Content/EditorSounds/Notifications/CompileFailed.uasset" 47
"../../../Engine/Content/EditorSounds/Notifications/CompileFailed_Cue.uasset" 48
"../../../Engine/Content/EditorSounds/Notifications/CompileSuccess.uasset" 49
"../../../Engine/Content/EditorSounds/Notifications/CompileStart_Cue.uasset" 50
"../../../Engine/Content/EditorSounds/Notifications/CompileSuccess_Cue.uasset" 51
"../../../Engine/Content/EngineDamageTypes/DmgTypeBP_Environmental.uasset" 52
"../../../Engine/Content/EngineDebugMaterials/DebugEditorMaterial.uasset" 53
"../../../Engine/Content/EngineDebugMaterials/DebugMeshMaterial.uasset" 54
"../../../Engine/Content/EngineDebugMaterials/M_SimpleUnlitTranslucent.uasset" 55
"../../../Engine/Content/Functions/Engine_MaterialFunctions02/Utility/CameraDirectionVector.uasset" 56
"../../../Engine/Content/EngineDebugMaterials/VolumeToRender.uasset" 57
"../../../Engine/Content/EngineDebugMaterials/M_VolumeRenderSphereTracePP.uasset" 58
"../../../Engine/Content/EngineDebugMaterials/WireframeMaterial.uasset" 59
"../../../Engine/Content/EngineFonts/Faces/DroidSansFallback.uasset" 60
"../../../Engine/Content/EngineFonts/Faces/RobotoBold.uasset" 61
"../../../Engine/Content/EngineFonts/Faces/RobotoBoldItalic.uasset" 62
"../../../Engine/Content/EngineFonts/Faces/RobotoItalic.uasset" 63
"../../../Engine/Content/EngineFonts/Faces/RobotoLight.uasset" 64
"../../../Engine/Content/EngineFonts/Faces/RobotoRegular.uasset" 65
"../../../Engine/Content/EngineFonts/Roboto.uasset" 66
"../../../Engine/Content/EngineMaterials/BaseFlattenDiffuseMap.uasset" 67
"../../../Engine/Content/EngineMaterials/BaseFlattenEmissiveMap.uasset" 68
"../../../Engine/Content/EngineMaterials/BaseFlattenGrayscaleMap.uasset" 69
"../../../Engine/Content/EngineMaterials/BaseFlattenNormalMap.uasset" 70
"../../../Engine/Content/EngineMaterials/BaseFlattenMaterial.uasset" 71
"../../../Engine/Content/EngineMaterials/BlueNoise.uasset" 72
"../../../Engine/Content/EngineMaterials/DefaultBloomKernel.uasset" 73
"../../../Engine/Content/EngineMaterials/DefaultBokeh.uasset" 74
"../../../Engine/Content/EngineMaterials/DefaultDiffuse.uasset" 75
"../../../Engine/Content/EngineMaterials/DefaultDeferredDecalMaterial.uasset" 76
"../../../Engine/Content/EngineMaterials/DefaultLightFunctionMaterial.uasset" 77
"../../../Engine/Content/EngineMaterials/DefaultPhysicalMaterial.uasset" 78
"../../../Engine/Content/Functions/Engine_MaterialFunctions02/Utility/BreakOutFloat2Components.uasset" 79
"../../../Engine/Content/EngineMaterials/DefaultPostProcessMaterial.uasset" 80
"../../../Engine/Content/EngineFonts/RobotoDistanceField.uasset" 81
"../../../Engine/Content/EngineMaterials/DefaultTextMaterialOpaque.uasset" 82
"../../../Engine/Content/EngineMaterials/DefaultWhiteGrid.uasset" 83
"../../../Engine/Content/EngineMaterials/DefaultWhiteGrid_Low.uasset" 84
"../../../Engine/Content/EngineMaterials/EmissiveMeshMaterial.uasset" 85
"../../../Engine/Content/EngineMaterials/GizmoMaterial.uasset" 86
"../../../Engine/Content/EngineMaterials/Good64x64TilingNoiseHighFreq.uasset" 87
"../../../Engine/Content/EngineMaterials/MiniFont.uasset" 88
"../../../Engine/Content/EngineMaterials/InvalidLightmapSettings.uasset" 89
"../../../Engine/Content/EngineMaterials/M_InvalidLightmapSettings.uasset" 90
"../../../Engine/Content/Functions/Engine_MaterialFunctions02/WorldPositionOffset/CameraOffset.uasset" 91
"../../../Engine/Content/EngineMaterials/PhAT_JointLimitMaterial.uasset" 92
"../../../Engine/Content/EngineMaterials/PreintegratedSkinBRDF.uasset" 93
"../../../Engine/Content/EngineMaterials/RemoveSurfaceMaterial.uasset" 94
"../../../Engine/Content/EngineMaterials/WeightMapPlaceholderTexture.uasset" 95
"../../../Engine/Content/EngineResources/WhiteSquareTexture.uasset" 96
"../../../Engine/Content/EngineMaterials/Widget3DPassThrough.uasset" 97
"../../../Engine/Content/EngineMaterials/Widget3DPassThrough_Masked.uasset" 98
"../../../Engine/Content/EngineMaterials/Widget3DPassThrough_Opaque.uasset" 99
"../../../Engine/Content/EngineMaterials/Widget3DPassThrough_Masked_OneSided.uasset" 100
"../../../Engine/Content/EngineMaterials/Widget3DPassThrough_Opaque_OneSided.uasset" 101
"../../../Engine/Content/EngineMaterials/Widget3DPassThrough_Translucent.uasset" 102
"../../../Engine/Content/EngineMaterials/Widget3DPassThrough_Translucent_OneSided.uasset" 103
"../../../Engine/Content/EngineMeshes/Sphere.uasset" 104
"../../../Engine/Content/EngineResources/Black.uasset" 105
"../../../Engine/Content/EngineResources/DefaultTexture.uasset" 106
"../../../Engine/Content/EngineResources/DefaultTextureCube.uasset" 107
"../../../Engine/Content/EngineResources/DefaultVolumeTexture2D.uasset" 108
"../../../Engine/Content/EngineResources/DefaultVolumeTexture.uasset" 109
"../../../Engine/Content/EngineResources/GradientTexture0.uasset" 110
"../../../Engine/Content/EngineSounds/Master.uasset" 111
"../../../Engine/Content/Functions/Engine_MaterialFunctions01/Shading/ConvertFromDiffSpec.uasset" 112
"../../../Engine/Content/Functions/Engine_MaterialFunctions01/Shading/PowerToRoughness.uasset" 113
"../../../Engine/Content/Maps/Templates/Thumbnails/Default.uasset" 114
"../../../Engine/Content/Maps/Templates/Thumbnails/TimeOfDay.uasset" 115
"../../../Engine/Content/Maps/Templates/Thumbnails/VR-Basic.uasset" 116
"../../../Engine/Content/MobileResources/T_MobileControls_texture.uasset" 117
"../../../Engine/Content/MobileResources/T_MobileMenu2.uasset" 118
"../../../Engine/Content/MobileResources/HUD/AnalogHat.uasset" 119
"../../../Engine/Content/MobileResources/HUD/VirtualJoystick_Background.uasset" 120
"../../../Engine/Content/MobileResources/HUD/VirtualJoystick_Thumb.uasset" 121
"../../../Engine/Content/MobileResources/HUD/DefaultVirtualJoysticks.uasset" 122
"../../../Engine/Content/MobileResources/HUD/LeftVirtualJoystickOnly.uasset" 123
"../../../Engine/Content/MobileResources/HUD/MobileHUDButton1_off.uasset" 124
"../../../Engine/Content/MobileResources/HUD/MobileHUDButton1_on.uasset" 125
"../../../Engine/Content/MobileResources/HUD/MobileHUDButton2_off.uasset" 126
"../../../Engine/Content/MobileResources/HUD/MobileHUDButton2_on.uasset" 127
"../../../Engine/Content/MobileResources/HUD/MobileHUDButton3.uasset" 128
"../../../Engine/Content/MobileResources/HUD/MobileHUDButtonFire.uasset" 129
"../../../Engine/Content/MobileResources/HUD/MobileHUDDirectionPad.uasset" 130
"../../../Engine/Content/MobileResources/HUD/MobileHUDDirectionPad2.uasset" 131
"../../../Engine/Content/MobileResources/HUD/MobileHUDDirectionPad3.uasset" 132
"../../../Engine/Content/MobileResources/HUD/MobileHUDDirectionStick.uasset" 133
"../../../Engine/Content/MobileResources/HUD/T_Castle_ThumbstickInner.uasset" 134
"../../../Engine/Content/MobileResources/HUD/T_Castle_ThumbstickOutter.uasset" 135
"../../../Engine/Content/Tutorial/ContentIntroCurve.uasset" 136
"../../../Engine/Content/Tutorial/Basics/LevelEditorAttract.uasset" 137
"../../../Engine/Content/Tutorial/Basics/TutorialAssets/icon_tab_Levels_40x.uasset" 138
"../../../Engine/Content/Tutorial/Basics/LevelEditorOverview.uasset" 139
"../../../Engine/Content/VREditor/LaserPointer/VR_LaserPower_01.uasset" 140
"../../../Engine/Content/VREditor/TransformGizmo/TransformGizmoMaterial.uasset" 141
"../../../Engine/Content/VREditor/TransformGizmo/TranslucentTransformGizmoMaterial.uasset" 142
"../../../Engine/Content/VREditor/TransformGizmo/BoundingBoxCorner.uasset" 143
"../../../Engine/Content/VREditor/TransformGizmo/BoundingBoxEdge.uasset" 144
"../../../Engine/Content/VREditor/TransformGizmo/PlaneTranslationHandle.uasset" 145
"../../../Engine/Content/VREditor/TransformGizmo/Main.uasset" 146
"../../../Engine/Content/VREditor/TransformGizmo/Xray.uasset" 147
"../../../Engine/Content/VREditor/TransformGizmo/SM_Sequencer_Key.uasset" 148
"../../../Engine/Content/VREditor/TransformGizmo/SM_Sequencer_Node.uasset" 149
"../../Plugins/2D/Paper2D/Content/PlaceholderTextures/DummySpriteTexture.uasset" 150
"../../Plugins/2D/Paper2D/Content/DummySprite.uasset" 151
"../../Plugins/2D/Paper2D/Content/DefaultPaperTerrainMaterial.uasset" 152
"../../Plugins/2D/Paper2D/Content/DefaultSpriteMaterial.uasset" 153
"../../Plugins/2D/Paper2D/Content/MaskedUnlitSpriteMaterial.uasset" 154
"../../Plugins/2D/Paper2D/Content/OpaqueUnlitSpriteMaterial.uasset" 155
"../../Plugins/FX/Niagara/Content/Enums/ENiagaraBooleanLogicOps.uasset" 156
"../../Plugins/FX/Niagara/Content/Enums/ENiagaraCoordinateSpace.uasset" 157
"../../Plugins/FX/Niagara/Content/Enums/ENiagaraExpansionMode.uasset" 158
"../../Plugins/FX/Niagara/Content/Enums/ENiagaraOrientationAxis.uasset" 159
"../../Plugins/FX/Niagara/Content/Enums/ENiagaraRandomnessMode.uasset" 160
"../../../Engine/Content/Functions/Engine_MaterialFunctions02/Utility/BreakOutFloat4Components.uasset" 161
"../../../Engine/Content/Functions/Engine_MaterialFunctions02/Utility/MakeFloat2.uasset" 162
"../../../Engine/Content/Functions/Engine_MaterialFunctions02/Utility/MakeFloat3.uasset" 163
"../../Plugins/Runtime/Oculus/OculusVR/Content/Materials/OculusMR_ChromaKey.uasset" 164
"../../Plugins/Runtime/Oculus/OculusVR/Content/Materials/OculusMR_ChromaKey_Lit.uasset" 165
"../../Plugins/Runtime/Oculus/OculusVR/Content/Materials/OculusMR_OpaqueColoredMaterial.uasset" 166
"../../Plugins/Runtime/Oculus/OculusVR/Content/Materials/OculusMR_WhiteMaterial.uasset" 167
"../../../Engine/Content/EditorBlueprintResources/StandardMacros.uasset" 168
"../../../../MyProject/Soldiers_TheGreatWar/Content/2dSideScroller/Textures/2DCharacter_IdleAnimAtlas.uasset" 169
"../../../../MyProject/Soldiers_TheGreatWar/Content/2dSideScroller/Sprites/IdleFrames/IdleCycle1.uasset" 170
"../../../../MyProject/Soldiers_TheGreatWar/Content/2dSideScroller/Sprites/IdleFrames/IdleCycle2.uasset" 171
"../../../../MyProject/Soldiers_TheGreatWar/Content/2dSideScroller/Sprites/IdleFrames/IdleCycle3.uasset" 172
"../../../../MyProject/Soldiers_TheGreatWar/Content/2dSideScroller/Sprites/IdleFrames/IdleCycle4.uasset" 173
"../../../../MyProject/Soldiers_TheGreatWar/Content/2dSideScroller/Sprites/IdleFrames/IdleCycle5.uasset" 174
"../../../../MyProject/Soldiers_TheGreatWar/Content/2dSideScroller/Sprites/IdleFrames/IdleCycle6.uasset" 175
"../../../../MyProject/Soldiers_TheGreatWar/Content/2dSideScroller/Sprites/IdleFrames/IdleCycle7.uasset" 176
"../../../../MyProject/Soldiers_TheGreatWar/Content/2dSideScroller/Sprites/IdleFrames/IdleCycle8.uasset" 177
"../../../../MyProject/Soldiers_TheGreatWar/Content/2DSideScroller/Sprites/IdleAnimation.uasset" 178
"../../../../MyProject/Soldiers_TheGreatWar/Content/2dSideScroller/Textures/2DCharacter_RunAnimAtlas.uasset" 179
"../../../../MyProject/Soldiers_TheGreatWar/Content/2DSideScroller/Sprites/RunFrames/RunCycle_1.uasset" 180
"../../../../MyProject/Soldiers_TheGreatWar/Content/2DSideScroller/Sprites/RunFrames/RunCycle_10.uasset" 181
"../../../../MyProject/Soldiers_TheGreatWar/Content/2DSideScroller/Sprites/RunFrames/RunCycle_11.uasset" 182
"../../../../MyProject/Soldiers_TheGreatWar/Content/2DSideScroller/Sprites/RunFrames/RunCycle_12.uasset" 183
"../../../../MyProject/Soldiers_TheGreatWar/Content/2DSideScroller/Sprites/RunFrames/RunCycle_13.uasset" 184
"../../../../MyProject/Soldiers_TheGreatWar/Content/2DSideScroller/Sprites/RunFrames/RunCycle_14.uasset" 185
"../../../../MyProject/Soldiers_TheGreatWar/Content/2DSideScroller/Sprites/RunFrames/RunCycle_15.uasset" 186
"../../../../MyProject/Soldiers_TheGreatWar/Content/2DSideScroller/Sprites/RunFrames/RunCycle_16.uasset" 187
"../../../../MyProject/Soldiers_TheGreatWar/Content/2DSideScroller/Sprites/RunFrames/RunCycle_2.uasset" 188
"../../../../MyProject/Soldiers_TheGreatWar/Content/2DSideScroller/Sprites/RunFrames/RunCycle_3.uasset" 189
"../../../../MyProject/Soldiers_TheGreatWar/Content/2DSideScroller/Sprites/RunFrames/RunCycle_4.uasset" 190
"../../../../MyProject/Soldiers_TheGreatWar/Content/2DSideScroller/Sprites/RunFrames/RunCycle_5.uasset" 191
"../../../../MyProject/Soldiers_TheGreatWar/Content/2DSideScroller/Sprites/RunFrames/RunCycle_6.uasset" 192
"../../../../MyProject/Soldiers_TheGreatWar/Content/2DSideScroller/Sprites/RunFrames/RunCycle_7.uasset" 193
"../../../../MyProject/Soldiers_TheGreatWar/Content/2DSideScroller/Sprites/RunFrames/RunCycle_8.uasset" 194
"../../../../MyProject/Soldiers_TheGreatWar/Content/2DSideScroller/Sprites/RunFrames/RunCycle_9.uasset" 195
"../../../../MyProject/Soldiers_TheGreatWar/Content/2DSideScroller/Sprites/RunningAnimation.uasset" 196
"../../Plugins/2D/Paper2D/Content/TranslucentUnlitSpriteMaterial.uasset" 197
"../../../../MyProject/Soldiers_TheGreatWar/Content/Soldiers_TheGreatWar/Textures/Game/bg_2.uasset" 198
"../../../../MyProject/Soldiers_TheGreatWar/Content/Soldiers_TheGreatWar/Textures/Game/bg_2_Sprite.uasset" 199
"../../../../MyProject/Soldiers_TheGreatWar/Content/2DSideScrollerBP/Blueprints/2DSideScrollerCharacter.uasset" 200
"../../../../MyProject/Soldiers_TheGreatWar/Content/2DSideScrollerBP/Blueprints/2DSideScrollerGameMode.uasset" 201
"../../../../MyProject/Soldiers_TheGreatWar/Content/Soldiers_TheGreatWar/Textures/Game/dirt_1.uasset" 202
"../../../../MyProject/Soldiers_TheGreatWar/Content/Soldiers_TheGreatWar/Textures/Game/dirt_1_Sprite.uasset" 203
"../../../../MyProject/Soldiers_TheGreatWar/Content/Soldiers_TheGreatWar/Blueprints/Game/GroundBP.uasset" 204
"../../../../MyProject/Soldiers_TheGreatWar/Content/Soldiers_TheGreatWar/Textures/Game/grass_1.uasset" 205
"../../../../MyProject/Soldiers_TheGreatWar/Content/Soldiers_TheGreatWar/Textures/Game/grass_1_Sprite.uasset" 206
"../../../../MyProject/Soldiers_TheGreatWar/Content/Soldiers_TheGreatWar/Blueprints/Game/GrassBP.uasset" 207
"../../../../MyProject/Soldiers_TheGreatWar/Content/Soldiers_TheGreatWar/Maps/Ge_1_1.umap" 208
"../../../../MyProject/Soldiers_TheGreatWar/Content/Movies/Country_Video.uasset" 209
"../../../../MyProject/Soldiers_TheGreatWar/Content/Soldiers_TheGreatWar/Blueprints/MediaPlayerSound.uasset" 210
"../../../../MyProject/Soldiers_TheGreatWar/Content/Soldiers_TheGreatWar/Blueprints/Archive.uasset" 211
"../../../../MyProject/Soldiers_TheGreatWar/Content/Movies/ah_video.uasset" 212
"../../../../MyProject/Soldiers_TheGreatWar/Content/Movies/fr_video.uasset" 213
"../../../../MyProject/Soldiers_TheGreatWar/Content/Movies/ge_video.uasset" 214
"../../../../MyProject/Soldiers_TheGreatWar/Content/Movies/ot_video.uasset" 215
"../../../../MyProject/Soldiers_TheGreatWar/Content/Movies/ru_video.uasset" 216
"../../../../MyProject/Soldiers_TheGreatWar/Content/Movies/uk_video.uasset" 217
"../../../../MyProject/Soldiers_TheGreatWar/Content/Movies/Country_Video_Texture.uasset" 218
"../../../../MyProject/Soldiers_TheGreatWar/Content/Soldiers_TheGreatWar/Materials/Country_Video_Mat.uasset" 219
"../../../../MyProject/Soldiers_TheGreatWar/Content/Soldiers_TheGreatWar/Blueprints/GameDataStruct/ArmsAttrData.uasset" 220
"../../../../MyProject/Soldiers_TheGreatWar/Content/Soldiers_TheGreatWar/Blueprints/GameDataStruct/ArmsAttrDataList.uasset" 221
"../../../../MyProject/Soldiers_TheGreatWar/Content/StringTables/AssetStringTable.uasset" 222
"../../../../MyProject/Soldiers_TheGreatWar/Content/Soldiers_TheGreatWar/Blueprints/GameDataStruct/BattleData.uasset" 223
"../../../../MyProject/Soldiers_TheGreatWar/Content/Soldiers_TheGreatWar/Blueprints/GameDataStruct/BattleDataList.uasset" 224
"../../../../MyProject/Soldiers_TheGreatWar/Content/Soldiers_TheGreatWar/Blueprints/Surface/BattleButton_UMG.uasset" 225
"../../../../MyProject/Soldiers_TheGreatWar/Content/Soldiers_TheGreatWar/Textures/Surface/button_line.uasset" 226
"../../../../MyProject/Soldiers_TheGreatWar/Content/Soldiers_TheGreatWar/Blueprints/Surface/BattleLevel_UMG.uasset" 227
"../../../../MyProject/Soldiers_TheGreatWar/Content/Soldiers_TheGreatWar/Blueprints/Surface/SaveSlot_UMG.uasset" 228
"../../../../MyProject/Soldiers_TheGreatWar/Content/Soldiers_TheGreatWar/Textures/Arms/ah/icons/ah_artillery_icon.uasset" 229
"../../../../MyProject/Soldiers_TheGreatWar/Content/Soldiers_TheGreatWar/Textures/Arms/ah/icons/ah_infantry_icon.uasset" 230
"../../../../MyProject/Soldiers_TheGreatWar/Content/Soldiers_TheGreatWar/Textures/Arms/ah/icons/ah_pilot_icon.uasset" 231
"../../../../MyProject/Soldiers_TheGreatWar/Content/Soldiers_TheGreatWar/Textures/Arms/ah/icons/ah_tanker_icon.uasset" 232
"../../../../MyProject/Soldiers_TheGreatWar/Content/Soldiers_TheGreatWar/Textures/Arms/fr/icons/fr_artillery_icon.uasset" 233
"../../../../MyProject/Soldiers_TheGreatWar/Content/Soldiers_TheGreatWar/Textures/Arms/fr/icons/fr_infantry_icon.uasset" 234
"../../../../MyProject/Soldiers_TheGreatWar/Content/Soldiers_TheGreatWar/Textures/Arms/fr/icons/fr_pilot_icon.uasset" 235
"../../../../MyProject/Soldiers_TheGreatWar/Content/Soldiers_TheGreatWar/Textures/Arms/fr/icons/fr_tanker_icon.uasset" 236
"../../../../MyProject/Soldiers_TheGreatWar/Content/Soldiers_TheGreatWar/Textures/Arms/ge/icons/ge_artillery_icon.uasset" 237
"../../../../MyProject/Soldiers_TheGreatWar/Content/Soldiers_TheGreatWar/Textures/Arms/ge/icons/ge_infantry_icon.uasset" 238
"../../../../MyProject/Soldiers_TheGreatWar/Content/Soldiers_TheGreatWar/Textures/Arms/ge/icons/ge_pilot_icon.uasset" 239
"../../../../MyProject/Soldiers_TheGreatWar/Content/Soldiers_TheGreatWar/Textures/Arms/ge/icons/ge_tanker_icon.uasset" 240
"../../../../MyProject/Soldiers_TheGreatWar/Content/Soldiers_TheGreatWar/Textures/Arms/ot/icons/ot_artillery_icon.uasset" 241
"../../../../MyProject/Soldiers_TheGreatWar/Content/Soldiers_TheGreatWar/Textures/Arms/ot/icons/ot_infantry_icon.uasset" 242
"../../../../MyProject/Soldiers_TheGreatWar/Content/Soldiers_TheGreatWar/Textures/Arms/ot/icons/ot_pilot_icon.uasset" 243
"../../../../MyProject/Soldiers_TheGreatWar/Content/Soldiers_TheGreatWar/Textures/Arms/ot/icons/ot_tanker_icon.uasset" 244
"../../../../MyProject/Soldiers_TheGreatWar/Content/Soldiers_TheGreatWar/Textures/Arms/ru/icons/ru_artillery_icon.uasset" 245
"../../../../MyProject/Soldiers_TheGreatWar/Content/Soldiers_TheGreatWar/Textures/Arms/ru/icons/ru_infantry_icon.uasset" 246
"../../../../MyProject/Soldiers_TheGreatWar/Content/Soldiers_TheGreatWar/Textures/Arms/ru/icons/ru_pilot_icon.uasset" 247
"../../../../MyProject/Soldiers_TheGreatWar/Content/Soldiers_TheGreatWar/Textures/Arms/ru/icons/ru_tanker_icon.uasset" 248
"../../../../MyProject/Soldiers_TheGreatWar/Content/Soldiers_TheGreatWar/Textures/Arms/uk/icons/uk_artillery_icon.uasset" 249
"../../../../MyProject/Soldiers_TheGreatWar/Content/Soldiers_TheGreatWar/Textures/Arms/uk/icons/uk_infantry_icon.uasset" 250
"../../../../MyProject/Soldiers_TheGreatWar/Content/Soldiers_TheGreatWar/Textures/Arms/uk/icons/uk_pilot_icon.uasset" 251
"../../../../MyProject/Soldiers_TheGreatWar/Content/Soldiers_TheGreatWar/Textures/Arms/uk/icons/uk_tanker_icon.uasset" 252
"../../../../MyProject/Soldiers_TheGreatWar/Content/Soldiers_TheGreatWar/Textures/Arms/vs.uasset" 253
"../../../../MyProject/Soldiers_TheGreatWar/Content/Soldiers_TheGreatWar/Textures/Surface/ah_flag_1.uasset" 254
"../../../../MyProject/Soldiers_TheGreatWar/Content/Soldiers_TheGreatWar/Textures/Surface/back.uasset" 255
"../../../../MyProject/Soldiers_TheGreatWar/Content/Soldiers_TheGreatWar/Textures/Surface/be_icon.uasset" 256
"../../../../MyProject/Soldiers_TheGreatWar/Content/Soldiers_TheGreatWar/Textures/Surface/bg_1.uasset" 257
"../../../../MyProject/Soldiers_TheGreatWar/Content/Soldiers_TheGreatWar/Textures/Surface/close.uasset" 258
"../../../../MyProject/Soldiers_TheGreatWar/Content/Soldiers_TheGreatWar/Textures/Surface/fr_flag_1.uasset" 259
"../../../../MyProject/Soldiers_TheGreatWar/Content/Soldiers_TheGreatWar/Textures/Surface/ge_flag_1.uasset" 260
"../../../../MyProject/Soldiers_TheGreatWar/Content/Soldiers_TheGreatWar/Textures/Surface/ge_icon.uasset" 261
"../../../../MyProject/Soldiers_TheGreatWar/Content/Soldiers_TheGreatWar/Textures/Surface/ot_flag_1.uasset" 262
"../../../../MyProject/Soldiers_TheGreatWar/Content/Soldiers_TheGreatWar/Textures/Surface/ru_flag_1.uasset" 263
"../../../../MyProject/Soldiers_TheGreatWar/Content/Soldiers_TheGreatWar/Textures/Surface/settings.uasset" 264
"../../../../MyProject/Soldiers_TheGreatWar/Content/Soldiers_TheGreatWar/Textures/Surface/uk_flag_1.uasset" 265
"../../../../MyProject/Soldiers_TheGreatWar/Content/Soldiers_TheGreatWar/Blueprints/Surface/MainSurface_UMG.uasset" 266
"../../../../MyProject/Soldiers_TheGreatWar/Content/Soldiers_TheGreatWar/Maps/MainSurface.umap" 267
"../../../Engine/Content/Maps/Entry_BuiltData.uasset" 268
"../../../Engine/Content/Maps/Entry.umap" 269
